#
# A fatal error has been detected by the Java Runtime Environment:
#
#  EXCEPTION_ACCESS_VIOLATION (0xc0000005) at pc=0x000001cb7465bc49, pid=26608, tid=25160
#
# JRE version: Java(TM) SE Runtime Environment (17.0.12+8) (build 17.0.12+8-LTS-286)
# Java VM: Java HotSpot(TM) 64-Bit Server VM (17.0.12+8-LTS-286, mixed mode, sharing, tiered, compressed oops, compressed class ptrs, g1 gc, windows-amd64)
# Problematic frame:
# j  net.datafaker.shaded.snakeyaml.constructor.SafeConstructor.processDuplicateKeys(Lnet/datafaker/shaded/snakeyaml/nodes/MappingNode;Z)V+52
#
# No core dump will be written. Minidumps are not enabled by default on client versions of Windows
#
# If you would like to submit a bug report, please visit:
#   https://bugreport.java.com/bugreport/crash.jsp
#

---------------  S U M M A R Y ------------

Command Line: -ea -Dfile.encoding=UTF-8 -Dstdout.encoding=UTF-8 -Dstderr.encoding=UTF-8 -XX:+ShowCodeDetailsInExceptionMessages org.testng.remote.RemoteTestNG -serport 60613 -protocol json -d C:\Users\admin\git\BMWebAutomation\test-output C:\Users\admin\git\BMWebAutomation\test-output\SmokeSuite\testng-failed.xml

Host: Intel(R) Core(TM) i7-7500U CPU @ 2.70GHz, 4 cores, 15G,  Windows 10 , 64 bit Build 19041 (10.0.19041.5915)
Time: Wed Oct 29 15:49:06 2025 India Standard Time elapsed time: 3.675544 seconds (0d 0h 0m 3s)

---------------  T H R E A D  ---------------

Current thread (0x000001cb6405da40):  JavaThread "main" [_thread_in_Java, id=25160, stack(0x0000005623800000,0x0000005623900000)]

Stack: [0x0000005623800000,0x0000005623900000],  sp=0x00000056238fc0d8,  free space=1008k
Native frames: (J=compiled Java code, j=interpreted, Vv=VM code, C=native code)
C  0x000001cb7465bc49


siginfo: EXCEPTION_ACCESS_VIOLATION (0xc0000005), reading address 0x000001cb0bdfc3e3


Registers:
RAX=0x000001cb0a117c98, RBX=0x000001cb0bdfc3ab, RCX=0x0000000000000038, RDX=0x000000070c88b018
RSP=0x00000056238fc0d8, RBP=0x00000056238fc120, RSI=0x0000000711072240, RDI=0x0000000711072230
R8 =0x000000000000513f, R9 =0x00000000e1fc023a, R10=0x000001cb09000000, R11=0x00000000e067ff13
R12=0x0000000000000000, R13=0x000001cb4a6b1b29, R14=0x00000056238fc188, R15=0x000001cb6405da40
RIP=0x000001cb7465bc49, EFLAGS=0x0000000000010202


Register to memory mapping:

RIP=0x000001cb7465bc49 is at code_begin+425 in an Interpreter codelet
checkcast  192 checkcast  [0x000001cb7465baa0, 0x000001cb7465bce0]  576 bytes
RAX=0x000001cb0a117c98 is a pointer to class: 
net.datafaker.shaded.snakeyaml.nodes.NodeTuple {0x000001cb0a117ca0}
 - instance size:     3
 - klass size:        65
 - access:            public final synchronized 
 - state:             fully_initialized
 - name:              'net/datafaker/shaded/snakeyaml/nodes/NodeTuple'
 - super:             'java/lang/Object'
 - sub:               
 - arrays:            NULL
 - methods:           Array<T>(0x000001cb4a725230)
 - method ordering:   Array<T>(0x000001cb098fb090)
 - default_methods:   Array<T>(0x0000000000000000)
 - local interfaces:  Array<T>(0x000001cb095d1ef0)
 - trans. interfaces: Array<T>(0x000001cb095d1ef0)
 - constants:         constant pool [57] {0x000001cb4a724fd8} for 'net/datafaker/shaded/snakeyaml/nodes/NodeTuple' cache=0x000001cb4a725558
 - class loader data:  loader data: 0x000001cb08893ca0 for instance a 'jdk/internal/loader/ClassLoaders$AppClassLoader'{0x00000007023cae00}
 - source file:       'NodeTuple.java'
 - class annotations:       Array<T>(0x0000000000000000)
 - class type annotations:  Array<T>(0x0000000000000000)
 - field annotations:       Array<T>(0x0000000000000000)
 - field type annotations:  Array<T>(0x0000000000000000)
 - inner classes:     Array<T>(0x000001cb095d1e80)
 - nest members:     Array<T>(0x000001cb095d1e80)
 - permitted subclasses:     Array<T>(0x000001cb095d1e80)
 - java mirror:       a 'java/lang/Class'{0x0000000703407970} = 'net/datafaker/shaded/snakeyaml/nodes/NodeTuple'
 - vtable length      5  (start addr: 0x000001cb0a117e60)
 - itable length      2 (start addr: 0x000001cb0a117e88)
 - ---- static fields (0 words):
 - ---- non-static fields (2 words):
 - private final 'keyNode' 'Lnet/datafaker/shaded/snakeyaml/nodes/Node;' @12 
 - private final 'valueNode' 'Lnet/datafaker/shaded/snakeyaml/nodes/Node;' @16 
 - non-static oop maps: 12-16 
RBX=0x000001cb0bdfc3ab is an unknown value
RCX=0x0000000000000038 is an unknown value
RDX=0x000000070c88b018 is pointing into object: [Lnet.datafaker.shaded.snakeyaml.tokens.Token$ID; 
{0x000000070c800000} - klass: 'net/datafaker/shaded/snakeyaml/tokens/Token$ID'[]
 - length: 1
RSP=0x00000056238fc0d8 is pointing into the stack for thread: 0x000001cb6405da40
RBP=0x00000056238fc120 is pointing into the stack for thread: 0x000001cb6405da40
RSI=0x0000000711072240 is an oop: java.util.HashMap$Node 
{0x0000000711072240} - klass: 'java/util/HashMap$Node'
 - ---- fields (total size 4 words):
 - final 'hash' 'I' @12  48822246 (2e8f7e6)
 - final 'key' 'Ljava/lang/Object;' @16  "38674"{0x00000007049c7bf0} (e0938f7e)
 - 'value' 'Ljava/lang/Object;' @20  a 'java/lang/Integer'{0x0000000711072230} = 20798 (e220e446)
 - 'next' 'Ljava/util/HashMap$Node;' @24  NULL (0)
RDI=0x0000000711072230 is an oop: java.lang.Integer 
{0x0000000711072230} - klass: 'java/lang/Integer'
 - ---- fields (total size 2 words):
 - private final 'value' 'I' @12  20798 (513e)
R8 =0x000000000000513f is an unknown value
R9 =3791389242 is a compressed pointer to object: [Ljava.lang.Object; 
{0x000000070fe011d0} - klass: 'java/lang/Object'[]
 - length: 47427
R10=0x000001cb09000000 is pointing into metadata
R11=3764911891 is a compressed pointer to object: java.util.ArrayList 
{0x00000007033ff898} - klass: 'java/util/ArrayList'
 - ---- fields (total size 3 words):
 - protected transient 'modCount' 'I' @12  40955 (9ffb)
 - private 'size' 'I' @16  40955 (9ffb)
 - transient 'elementData' '[Ljava/lang/Object;' @20  a 'java/lang/Object'[47427] {0x000000070fe011d0} (e1fc023a)
R12=0x0 is NULL
R13=0x000001cb4a6b1b29 is pointing into metadata
R14=0x00000056238fc188 is pointing into the stack for thread: 0x000001cb6405da40
R15=0x000001cb6405da40 is a thread


Top of Stack: (sp=0x00000056238fc0d8)
0x00000056238fc0d8:   00000056238fc0d8 000001cb4a6b1b24
0x00000056238fc0e8:   00000056238fc188 000001cb4a6b9aa8
0x00000056238fc0f8:   0000000000000000 000000070343b7f8
0x00000056238fc108:   000001cb4a6b1d28 0000000000000000
0x00000056238fc118:   00000056238fc178 00000056238fc1d8
0x00000056238fc128:   000001cb746494f0 0000000000000000
0x00000056238fc138:   00000007049c7bf0 00000007049c7b30
0x00000056238fc148:   00000007049c7b18 0000000711579318
0x00000056238fc158:   000000000000513f 00000007115792d8
0x00000056238fc168:   00000007115792a8 00000007033ff898
0x00000056238fc178:   0000000000000000 00000007033ff7b8
0x00000056238fc188:   00000007033ffcf0 00000056238fc190
0x00000056238fc198:   000001cb4a6b1963 00000056238fc1f8
0x00000056238fc1a8:   000001cb4a6b9aa8 0000000000000000
0x00000056238fc1b8:   000000070343b7f8 000001cb4a6b19b8
0x00000056238fc1c8:   00000056238fc178 00000056238fc1e8 

Instructions: (pc=0x000001cb7465bc49)
0x000001cb7465bb49:   98 02 00 00 00 00 00 00 c5 f8 77 49 81 7f 08 00
0x000001cb7465bb59:   00 00 00 0f 84 05 00 00 00 e9 99 53 fe ff 4c 8b
0x000001cb7465bb69:   6d c0 4c 8b 75 c8 c3 49 8b 87 f0 02 00 00 49 c7
0x000001cb7465bb79:   87 f0 02 00 00 00 00 00 00 5a eb 11 48 8b d0 66
0x000001cb7465bb89:   8b 5c d9 48 48 8b 49 28 48 8b 44 d9 08 8b 5a 08
0x000001cb7465bb99:   49 ba 00 00 00 09 cb 01 00 00 49 03 da 48 8b 4d
0x000001cb7465bba9:   d8 48 85 c9 0f 84 8a 00 00 00 48 8b 79 18 48 3b
0x000001cb7465bbb9:   fb 0f 85 0f 00 00 00 48 83 41 20 01 48 83 59 20
0x000001cb7465bbc9:   00 e9 66 00 00 00 48 85 ff 0f 84 37 00 00 00 48
0x000001cb7465bbd9:   8b 79 28 48 3b fb 0f 85 0f 00 00 00 48 83 41 30
0x000001cb7465bbe9:   01 48 83 59 30 00 e9 41 00 00 00 48 85 ff 0f 85
0x000001cb7465bbf9:   38 00 00 00 48 89 59 28 bf 01 00 00 00 48 89 79
0x000001cb7465bc09:   30 e9 26 00 00 00 48 3b 59 28 0f 85 0f 00 00 00
0x000001cb7465bc19:   48 83 41 30 01 48 83 59 30 00 e9 0d 00 00 00 48
0x000001cb7465bc29:   89 59 18 bf 01 00 00 00 48 89 79 20 48 83 c1 38
0x000001cb7465bc39:   48 89 4d d8 48 3b d8 0f 84 56 00 00 00 8b 48 14
0x000001cb7465bc49:   48 3b 04 0b 0f 84 49 00 00 00 83 f9 20 0f 85 1d
0x000001cb7465bc59:   00 00 00 57 48 8b 7b 28 8b 0f 48 83 c7 08 48 85
0x000001cb7465bc69:   c0 f2 48 af 5f 75 09 48 89 43 20 e9 23 00 00 00
0x000001cb7465bc79:   48 8b 4d d8 48 85 c9 0f 84 10 00 00 00 48 83 41
0x000001cb7465bc89:   d0 ff 0f 88 05 00 00 00 48 83 41 d0 01 52 e9 b9
0x000001cb7465bc99:   05 ff ff 48 8b c2 e9 19 00 00 00 48 8b 4d d8 48
0x000001cb7465bca9:   85 c9 0f 84 0c 00 00 00 80 49 01 01 48 83 c1 38
0x000001cb7465bcb9:   48 89 4d d8 41 0f b6 5d 03 49 83 c5 03 49 ba 10
0x000001cb7465bcc9:   f5 4a 18 fd 7f 00 00 41 ff 24 da 0f 1f 40 00 00
0x000001cb7465bcd9:   00 00 00 00 00 00 00 80 02 00 00 00 00 00 00 50
0x000001cb7465bce9:   38 24 18 fd 7f 00 00 c1 00 00 00 00 00 00 00 00
0x000001cb7465bcf9:   00 00 00 00 00 00 00 58 48 85 c0 0f 84 07 02 00
0x000001cb7465bd09:   00 48 8b 4d e8 48 8b 49 08 48 8b 49 08 48 8b 51
0x000001cb7465bd19:   08 41 0f b7 5d 01 0f cb c1 eb 10 80 7c 1a 04 07
0x000001cb7465bd29:   0f 84 c6 00 00 00 50 e8 05 00 00 00 e9 96 00 00
0x000001cb7465bd39:   00 48 8d 44 24 08 4c 89 6d c0 49 8b cf c5 f8 77 


Stack slot to memory mapping:
stack at sp + 0 slots: 0x00000056238fc0d8 is pointing into the stack for thread: 0x000001cb6405da40
stack at sp + 1 slots: 0x000001cb4a6b1b24 is pointing into metadata
stack at sp + 2 slots: 0x00000056238fc188 is pointing into the stack for thread: 0x000001cb6405da40
stack at sp + 3 slots: 0x000001cb4a6b9aa8 is pointing into metadata
stack at sp + 4 slots: 0x0 is NULL
stack at sp + 5 slots: 0x000000070343b7f8 is an oop: java.lang.Class 
{0x000000070343b7f8} - klass: 'java/lang/Class'
 - ---- fields (total size 17 words):
 - private volatile transient 'classRedefinedCount' 'I' @12  0
 - private volatile transient 'cachedConstructor' 'Ljava/lang/reflect/Constructor;' @40  NULL (0)
 - private transient 'name' 'Ljava/lang/String;' @44  "net.datafaker.shaded.snakeyaml.constructor.SafeConstructor"{0x000000070343f728} (e0687ee5)
 - private transient 'module' 'Ljava/lang/Module;' @48  a 'java/lang/Module'{0x00000007023caee0} (e04795dc)
 - private final 'classLoader' 'Ljava/lang/ClassLoader;' @52  a 'jdk/internal/loader/ClassLoaders$AppClassLoader'{0x00000007023cae00} (e04795c0)
 - private transient 'classData' 'Ljava/lang/Object;' @56  NULL (0)
 - private transient 'packageName' 'Ljava/lang/String;' @60  "net.datafaker.shaded.snakeyaml.constructor"{0x00000007034ed910} (e069db22)
 - private final 'componentType' 'Ljava/lang/Class;' @64  NULL (0)
 - private volatile transient 'reflectionData' 'Ljava/lang/ref/SoftReference;' @68  NULL (0)
 - private volatile transient 'genericInfo' 'Lsun/reflect/generics/repository/ClassRepository;' @72  NULL (0)
 - private volatile transient 'enumConstants' '[Ljava/lang/Object;' @76  NULL (0)
 - private volatile transient 'enumConstantDirectory' 'Ljava/util/Map;' @80  NULL (0)
 - private volatile transient 'annotationData' 'Ljava/lang/Class$AnnotationData;' @84  NULL (0)
 - private volatile transient 'annotationType' 'Lsun/reflect/annotation/AnnotationType;' @88  NULL (0)
 - transient 'classValueMap' 'Ljava/lang/ClassValue$ClassValueMap;' @92  NULL (0)
 - signature: Lnet/datafaker/shaded/snakeyaml/constructor/SafeConstructor;
 - fake entry for mirror: 'net/datafaker/shaded/snakeyaml/constructor/SafeConstructor'
 - fake entry for array: NULL
 - fake entry for oop_size: 17
 - fake entry for static_oop_field_count: 5
 - public static final 'undefinedConstructor' 'Lnet/datafaker/shaded/snakeyaml/constructor/SafeConstructor$ConstructUndefined;' @112  a 'net/datafaker/shaded/snakeyaml/constructor/SafeConstructor$ConstructUndefined'{0x000000070343f718} (e0687ee3)
 - private static final 'BOOL_VALUES' 'Ljava/util/Map;' @116  a 'java/util/HashMap'{0x000000070343f5d8} (e0687ebb)
 - private static final 'RADIX_MAX' '[[I' @120  a {type array int}[17] {0x000000070343f3e8} (e0687e7d)
 - private static final 'TIMESTAMP_REGEXP' 'Ljava/util/regex/Pattern;' @124  a 'java/util/regex/Pattern'{0x000000070343e4b8} (e0687c97)
 - private static final 'YMD_REGEXP' 'Ljava/util/regex/Pattern;' @128  a 'java/util/regex/Pattern'{0x000000070343e1a8} (e0687c35)
stack at sp + 6 slots: {method} {0x000001cb4a6b1d30} 'processDuplicateKeys' '(Lnet/datafaker/shaded/snakeyaml/nodes/MappingNode;Z)V' in 'net/datafaker/shaded/snakeyaml/constructor/SafeConstructor'
stack at sp + 7 slots: 0x0 is NULL

checkcast  192 checkcast  [0x000001cb7465baa0, 0x000001cb7465bce0]  576 bytes
[MachCode]
  0x000001cb7465baa0: 5848 85c0 | 0f84 fa01 | 0000 488b | 4de8 488b | 4908 488b | 4908 488b | 5108 410f | b75d 010f 
  0x000001cb7465bac0: cbc1 eb10 | 807c 1a04 | 070f 84b6 | 0000 0050 | e805 0000 | 00e9 9600 | 0000 488d | 4424 084c 
  0x000001cb7465bae0: 896d c049 | 8bcf c5f8 | 7749 89af | a002 0000 | 4989 8790 | 0200 0048 | 83ec 2040 | f6c4 0f0f 
  0x000001cb7465bb00: 841a 0000 | 0048 83ec | 0849 baf0 | 02d0 17fd | 7f00 0041 | ffd2 4883 | c408 e90d | 0000 0049 
  0x000001cb7465bb20: baf0 02d0 | 17fd 7f00 | 0041 ffd2 | 4883 c420 | 49c7 8790 | 0200 0000 | 0000 0049 | c787 a002 
  0x000001cb7465bb40: 0000 0000 | 0000 49c7 | 8798 0200 | 0000 0000 | 00c5 f877 | 4981 7f08 | 0000 0000 | 0f84 0500 
  0x000001cb7465bb60: 0000 e999 | 53fe ff4c | 8b6d c04c | 8b75 c8c3 | 498b 87f0 | 0200 0049 | c787 f002 | 0000 0000 
  0x000001cb7465bb80: 0000 5aeb | 1148 8bd0 | 668b 5cd9 | 4848 8b49 | 2848 8b44 | d908 8b5a | 0849 ba00 | 0000 09cb 
  0x000001cb7465bba0: 0100 0049 | 03da 488b | 4dd8 4885 | c90f 848a | 0000 0048 | 8b79 1848 | 3bfb 0f85 | 0f00 0000 
  0x000001cb7465bbc0: 4883 4120 | 0148 8359 | 2000 e966 | 0000 0048 | 85ff 0f84 | 3700 0000 | 488b 7928 | 483b fb0f 
  0x000001cb7465bbe0: 850f 0000 | 0048 8341 | 3001 4883 | 5930 00e9 | 4100 0000 | 4885 ff0f | 8538 0000 | 0048 8959 
  0x000001cb7465bc00: 28bf 0100 | 0000 4889 | 7930 e926 | 0000 0048 | 3b59 280f | 850f 0000 | 0048 8341 | 3001 4883 
  0x000001cb7465bc20: 5930 00e9 | 0d00 0000 | 4889 5918 | bf01 0000 | 0048 8979 | 2048 83c1 | 3848 894d | d848 3bd8 
  0x000001cb7465bc40: 0f84 5600 | 0000 8b48 | 1448 3b04 | 0b0f 8449 | 0000 0083 | f920 0f85 | 1d00 0000 | 5748 8b7b 
  0x000001cb7465bc60: 288b 0f48 | 83c7 0848 | 85c0 f248 | af5f 7509 | 4889 4320 | e923 0000 | 0048 8b4d | d848 85c9 
  0x000001cb7465bc80: 0f84 1000 | 0000 4883 | 41d0 ff0f | 8805 0000 | 0048 8341 | d001 52e9 | b905 ffff | 488b c2e9 
  0x000001cb7465bca0: 1900 0000 | 488b 4dd8 | 4885 c90f | 840c 0000 | 0080 4901 | 0148 83c1 | 3848 894d | d841 0fb6 
  0x000001cb7465bcc0: 5d03 4983 | c503 49ba | 10f5 4a18 | fd7f 0000 | 41ff 24da | 0f1f 4000 | 0000 0000 | 0000 0000 
[/MachCode]

---------------  P R O C E S S  ---------------

Threads class SMR info:
_java_thread_list=0x000001cb4eb35190, length=14, elements={
0x000001cb6405da40, 0x000001cb0853f0b0, 0x000001cb08540720, 0x000001cb0854f5a0,
0x000001cb08551080, 0x000001cb08553a60, 0x000001cb08554330, 0x000001cb08554fe0,
0x000001cb086d1ab0, 0x000001cb086d4b80, 0x000001cb088cb9a0, 0x000001cb088e5b60,
0x000001cb4e935060, 0x000001cb4f46dab0
}

Java Threads: ( => current thread )
=>0x000001cb6405da40 JavaThread "main" [_thread_in_Java, id=25160, stack(0x0000005623800000,0x0000005623900000)]
  0x000001cb0853f0b0 JavaThread "Reference Handler" daemon [_thread_blocked, id=11536, stack(0x0000005623f00000,0x0000005624000000)]
  0x000001cb08540720 JavaThread "Finalizer" daemon [_thread_blocked, id=23520, stack(0x0000005624000000,0x0000005624100000)]
  0x000001cb0854f5a0 JavaThread "Signal Dispatcher" daemon [_thread_blocked, id=19204, stack(0x0000005624100000,0x0000005624200000)]
  0x000001cb08551080 JavaThread "Attach Listener" daemon [_thread_blocked, id=23592, stack(0x0000005624200000,0x0000005624300000)]
  0x000001cb08553a60 JavaThread "Service Thread" daemon [_thread_blocked, id=8616, stack(0x0000005624300000,0x0000005624400000)]
  0x000001cb08554330 JavaThread "Monitor Deflation Thread" daemon [_thread_blocked, id=9556, stack(0x0000005624400000,0x0000005624500000)]
  0x000001cb08554fe0 JavaThread "C2 CompilerThread0" daemon [_thread_blocked, id=22588, stack(0x0000005624500000,0x0000005624600000)]
  0x000001cb086d1ab0 JavaThread "C1 CompilerThread0" daemon [_thread_blocked, id=13172, stack(0x0000005624600000,0x0000005624700000)]
  0x000001cb086d4b80 JavaThread "Sweeper thread" daemon [_thread_blocked, id=17496, stack(0x0000005624700000,0x0000005624800000)]
  0x000001cb088cb9a0 JavaThread "Notification Thread" daemon [_thread_blocked, id=14344, stack(0x0000005624800000,0x0000005624900000)]
  0x000001cb088e5b60 JavaThread "Common-Cleaner" daemon [_thread_blocked, id=19460, stack(0x0000005624a00000,0x0000005624b00000)]
  0x000001cb4e935060 JavaThread "ReaderThread" [_thread_in_native, id=26604, stack(0x0000005624f00000,0x0000005625000000)]
  0x000001cb4f46dab0 JavaThread "C2 CompilerThread1" daemon [_thread_blocked, id=11828, stack(0x0000005625000000,0x0000005625100000)]

Other Threads:
  0x000001cb08537120 VMThread "VM Thread" [stack: 0x0000005623e00000,0x0000005623f00000] [id=26312]
  0x000001cb088d9ec0 WatcherThread [stack: 0x0000005624900000,0x0000005624a00000] [id=18704]
  0x000001cb640c74a0 GCTaskThread "GC Thread#0" [stack: 0x0000005623900000,0x0000005623a00000] [id=17000]
  0x000001cb08951ce0 GCTaskThread "GC Thread#1" [stack: 0x0000005624b00000,0x0000005624c00000] [id=19592]
  0x000001cb08905220 GCTaskThread "GC Thread#2" [stack: 0x0000005624c00000,0x0000005624d00000] [id=19056]
  0x000001cb089054e0 GCTaskThread "GC Thread#3" [stack: 0x0000005624d00000,0x0000005624e00000] [id=23472]
  0x000001cb640d9120 ConcurrentGCThread "G1 Main Marker" [stack: 0x0000005623a00000,0x0000005623b00000] [id=25628]
  0x000001cb640db330 ConcurrentGCThread "G1 Conc#0" [stack: 0x0000005623b00000,0x0000005623c00000] [id=24908]
  0x000001cb083f34e0 ConcurrentGCThread "G1 Refine#0" [stack: 0x0000005623c00000,0x0000005623d00000] [id=18408]
  0x000001cb4ea03a70 ConcurrentGCThread "G1 Refine#1" [stack: 0x0000005625100000,0x0000005625200000] [id=21296]
  0x000001cb4f21d4a0 ConcurrentGCThread "G1 Refine#2" [stack: 0x0000005625200000,0x0000005625300000] [id=24224]
  0x000001cb4f21d790 ConcurrentGCThread "G1 Refine#3" [stack: 0x0000005625300000,0x0000005625400000] [id=16964]
  0x000001cb083f3e20 ConcurrentGCThread "G1 Service" [stack: 0x0000005623d00000,0x0000005623e00000] [id=21572]

Threads with active compile tasks:

VM state: not at safepoint (normal execution)

VM Mutex/Monitor currently owned by a thread: None

Heap address: 0x0000000701e00000, size: 4066 MB, Compressed Oops mode: Zero based, Oop shift amount: 3

CDS archive(s) mapped at: [0x000001cb09000000-0x000001cb09bd0000-0x000001cb09bd0000), size 12386304, SharedBaseAddress: 0x000001cb09000000, ArchiveRelocationMode: 1.
Compressed class space mapped at: 0x000001cb0a000000-0x000001cb4a000000, reserved size: 1073741824
Narrow klass base: 0x000001cb09000000, Narrow klass shift: 0, Narrow klass range: 0x100000000

GC Precious Log:
 CPUs: 4 total, 4 available
 Memory: 16259M
 Large Page Support: Disabled
 NUMA Support: Disabled
 Compressed Oops: Enabled (Zero based)
 Heap Region Size: 2M
 Heap Min Capacity: 8M
 Heap Initial Capacity: 256M
 Heap Max Capacity: 4066M
 Pre-touch: Disabled
 Parallel Workers: 4
 Concurrent Workers: 1
 Concurrent Refinement Workers: 4
 Periodic GC: Disabled

Heap:
 garbage-first heap   total 262144K, used 71245K [0x0000000701e00000, 0x0000000800000000)
  region size 2048K, 10 young (20480K), 3 survivors (6144K)
 Metaspace       used 8241K, committed 8384K, reserved 1114112K
  class space    used 889K, committed 960K, reserved 1048576K

Heap Regions: E=young(eden), S=young(survivor), O=old, HS=humongous(starts), HC=humongous(continues), CS=collection set, F=free, OA=open archive, CA=closed archive, TAMS=top-at-mark-start (previous, next)
|   0|0x0000000701e00000, 0x0000000702000000, 0x0000000702000000|100%| O|  |TAMS 0x0000000701e00000, 0x0000000701e00000| Untracked 
|   1|0x0000000702000000, 0x0000000702200000, 0x0000000702200000|100%| O|  |TAMS 0x0000000702000000, 0x0000000702000000| Untracked 
|   2|0x0000000702200000, 0x0000000702400000, 0x0000000702400000|100%| O|  |TAMS 0x0000000702200000, 0x0000000702200000| Untracked 
|   3|0x0000000702400000, 0x0000000702600000, 0x0000000702600000|100%| O|  |TAMS 0x0000000702400000, 0x0000000702400000| Untracked 
|   4|0x0000000702600000, 0x0000000702800000, 0x0000000702800000|100%| O|  |TAMS 0x0000000702600000, 0x0000000702600000| Untracked 
|   5|0x0000000702800000, 0x0000000702a00000, 0x0000000702a00000|100%| O|  |TAMS 0x0000000702800000, 0x0000000702800000| Untracked 
|   6|0x0000000702a00000, 0x0000000702c00000, 0x0000000702c00000|100%| O|  |TAMS 0x0000000702a00000, 0x0000000702a00000| Untracked 
|   7|0x0000000702c00000, 0x0000000702e00000, 0x0000000702e00000|100%| O|  |TAMS 0x0000000702c00000, 0x0000000702c00000| Untracked 
|   8|0x0000000702e00000, 0x0000000703000000, 0x0000000703000000|100%| O|  |TAMS 0x0000000702e00000, 0x0000000702e00000| Untracked 
|   9|0x0000000703000000, 0x0000000703200000, 0x0000000703200000|100%| O|  |TAMS 0x0000000703000000, 0x0000000703000000| Untracked 
|  10|0x0000000703200000, 0x0000000703400000, 0x0000000703400000|100%| O|  |TAMS 0x0000000703200000, 0x0000000703200000| Untracked 
|  11|0x0000000703400000, 0x0000000703600000, 0x0000000703600000|100%| O|  |TAMS 0x0000000703400000, 0x0000000703400000| Untracked 
|  12|0x0000000703600000, 0x0000000703800000, 0x0000000703800000|100%| O|  |TAMS 0x0000000703600000, 0x0000000703600000| Untracked 
|  13|0x0000000703800000, 0x0000000703a00000, 0x0000000703a00000|100%| O|  |TAMS 0x0000000703800000, 0x0000000703800000| Untracked 
|  14|0x0000000703a00000, 0x0000000703c00000, 0x0000000703c00000|100%| O|  |TAMS 0x0000000703a00000, 0x0000000703a00000| Untracked 
|  15|0x0000000703c00000, 0x0000000703e00000, 0x0000000703e00000|100%| O|  |TAMS 0x0000000703c00000, 0x0000000703c00000| Untracked 
|  16|0x0000000703e00000, 0x0000000704000000, 0x0000000704000000|100%| O|  |TAMS 0x0000000703e00000, 0x0000000703e00000| Untracked 
|  17|0x0000000704000000, 0x0000000704200000, 0x0000000704200000|100%| O|  |TAMS 0x0000000704000000, 0x0000000704000000| Untracked 
|  18|0x0000000704200000, 0x0000000704400000, 0x0000000704400000|100%| O|  |TAMS 0x0000000704200000, 0x0000000704200000| Untracked 
|  19|0x0000000704400000, 0x0000000704600000, 0x0000000704600000|100%| O|  |TAMS 0x0000000704400000, 0x0000000704400000| Untracked 
|  20|0x0000000704600000, 0x0000000704800000, 0x0000000704800000|100%| O|  |TAMS 0x0000000704600000, 0x0000000704600000| Untracked 
|  21|0x0000000704800000, 0x0000000704a00000, 0x0000000704a00000|100%| O|  |TAMS 0x0000000704800000, 0x0000000704800000| Untracked 
|  22|0x0000000704a00000, 0x0000000704c00000, 0x0000000704c00000|100%| O|  |TAMS 0x0000000704a00000, 0x0000000704a00000| Untracked 
|  23|0x0000000704c00000, 0x0000000704e00000, 0x0000000704e00000|100%| O|  |TAMS 0x0000000704c00000, 0x0000000704c00000| Untracked 
|  24|0x0000000704e00000, 0x0000000705000000, 0x0000000705000000|100%| O|  |TAMS 0x0000000704e00000, 0x0000000704e00000| Untracked 
|  25|0x0000000705000000, 0x0000000705193600, 0x0000000705200000| 78%| O|  |TAMS 0x0000000705000000, 0x0000000705000000| Untracked 
|  26|0x0000000705200000, 0x0000000705200000, 0x0000000705400000|  0%| F|  |TAMS 0x0000000705200000, 0x0000000705200000| Untracked 
|  27|0x0000000705400000, 0x0000000705400000, 0x0000000705600000|  0%| F|  |TAMS 0x0000000705400000, 0x0000000705400000| Untracked 
|  28|0x0000000705600000, 0x0000000705600000, 0x0000000705800000|  0%| F|  |TAMS 0x0000000705600000, 0x0000000705600000| Untracked 
|  29|0x0000000705800000, 0x0000000705800000, 0x0000000705a00000|  0%| F|  |TAMS 0x0000000705800000, 0x0000000705800000| Untracked 
|  30|0x0000000705a00000, 0x0000000705a00000, 0x0000000705c00000|  0%| F|  |TAMS 0x0000000705a00000, 0x0000000705a00000| Untracked 
|  31|0x0000000705c00000, 0x0000000705c00000, 0x0000000705e00000|  0%| F|  |TAMS 0x0000000705c00000, 0x0000000705c00000| Untracked 
|  32|0x0000000705e00000, 0x0000000705e00000, 0x0000000706000000|  0%| F|  |TAMS 0x0000000705e00000, 0x0000000705e00000| Untracked 
|  33|0x0000000706000000, 0x0000000706000000, 0x0000000706200000|  0%| F|  |TAMS 0x0000000706000000, 0x0000000706000000| Untracked 
|  34|0x0000000706200000, 0x0000000706200000, 0x0000000706400000|  0%| F|  |TAMS 0x0000000706200000, 0x0000000706200000| Untracked 
|  35|0x0000000706400000, 0x0000000706400000, 0x0000000706600000|  0%| F|  |TAMS 0x0000000706400000, 0x0000000706400000| Untracked 
|  36|0x0000000706600000, 0x0000000706600000, 0x0000000706800000|  0%| F|  |TAMS 0x0000000706600000, 0x0000000706600000| Untracked 
|  37|0x0000000706800000, 0x0000000706800000, 0x0000000706a00000|  0%| F|  |TAMS 0x0000000706800000, 0x0000000706800000| Untracked 
|  38|0x0000000706a00000, 0x0000000706a00000, 0x0000000706c00000|  0%| F|  |TAMS 0x0000000706a00000, 0x0000000706a00000| Untracked 
|  39|0x0000000706c00000, 0x0000000706c00000, 0x0000000706e00000|  0%| F|  |TAMS 0x0000000706c00000, 0x0000000706c00000| Untracked 
|  40|0x0000000706e00000, 0x0000000706e00000, 0x0000000707000000|  0%| F|  |TAMS 0x0000000706e00000, 0x0000000706e00000| Untracked 
|  41|0x0000000707000000, 0x0000000707000000, 0x0000000707200000|  0%| F|  |TAMS 0x0000000707000000, 0x0000000707000000| Untracked 
|  42|0x0000000707200000, 0x0000000707200000, 0x0000000707400000|  0%| F|  |TAMS 0x0000000707200000, 0x0000000707200000| Untracked 
|  43|0x0000000707400000, 0x0000000707400000, 0x0000000707600000|  0%| F|  |TAMS 0x0000000707400000, 0x0000000707400000| Untracked 
|  44|0x0000000707600000, 0x0000000707600000, 0x0000000707800000|  0%| F|  |TAMS 0x0000000707600000, 0x0000000707600000| Untracked 
|  45|0x0000000707800000, 0x0000000707800000, 0x0000000707a00000|  0%| F|  |TAMS 0x0000000707800000, 0x0000000707800000| Untracked 
|  46|0x0000000707a00000, 0x0000000707a00000, 0x0000000707c00000|  0%| F|  |TAMS 0x0000000707a00000, 0x0000000707a00000| Untracked 
|  47|0x0000000707c00000, 0x0000000707c00000, 0x0000000707e00000|  0%| F|  |TAMS 0x0000000707c00000, 0x0000000707c00000| Untracked 
|  48|0x0000000707e00000, 0x0000000707e00000, 0x0000000708000000|  0%| F|  |TAMS 0x0000000707e00000, 0x0000000707e00000| Untracked 
|  49|0x0000000708000000, 0x0000000708000000, 0x0000000708200000|  0%| F|  |TAMS 0x0000000708000000, 0x0000000708000000| Untracked 
|  50|0x0000000708200000, 0x0000000708200000, 0x0000000708400000|  0%| F|  |TAMS 0x0000000708200000, 0x0000000708200000| Untracked 
|  51|0x0000000708400000, 0x0000000708400000, 0x0000000708600000|  0%| F|  |TAMS 0x0000000708400000, 0x0000000708400000| Untracked 
|  52|0x0000000708600000, 0x0000000708600000, 0x0000000708800000|  0%| F|  |TAMS 0x0000000708600000, 0x0000000708600000| Untracked 
|  53|0x0000000708800000, 0x0000000708800000, 0x0000000708a00000|  0%| F|  |TAMS 0x0000000708800000, 0x0000000708800000| Untracked 
|  54|0x0000000708a00000, 0x0000000708a00000, 0x0000000708c00000|  0%| F|  |TAMS 0x0000000708a00000, 0x0000000708a00000| Untracked 
|  55|0x0000000708c00000, 0x0000000708c00000, 0x0000000708e00000|  0%| F|  |TAMS 0x0000000708c00000, 0x0000000708c00000| Untracked 
|  56|0x0000000708e00000, 0x0000000708e00000, 0x0000000709000000|  0%| F|  |TAMS 0x0000000708e00000, 0x0000000708e00000| Untracked 
|  57|0x0000000709000000, 0x0000000709000000, 0x0000000709200000|  0%| F|  |TAMS 0x0000000709000000, 0x0000000709000000| Untracked 
|  58|0x0000000709200000, 0x0000000709200000, 0x0000000709400000|  0%| F|  |TAMS 0x0000000709200000, 0x0000000709200000| Untracked 
|  59|0x0000000709400000, 0x0000000709400000, 0x0000000709600000|  0%| F|  |TAMS 0x0000000709400000, 0x0000000709400000| Untracked 
|  60|0x0000000709600000, 0x0000000709600000, 0x0000000709800000|  0%| F|  |TAMS 0x0000000709600000, 0x0000000709600000| Untracked 
|  61|0x0000000709800000, 0x0000000709800000, 0x0000000709a00000|  0%| F|  |TAMS 0x0000000709800000, 0x0000000709800000| Untracked 
|  62|0x0000000709a00000, 0x0000000709a00000, 0x0000000709c00000|  0%| F|  |TAMS 0x0000000709a00000, 0x0000000709a00000| Untracked 
|  63|0x0000000709c00000, 0x0000000709c00000, 0x0000000709e00000|  0%| F|  |TAMS 0x0000000709c00000, 0x0000000709c00000| Untracked 
|  64|0x0000000709e00000, 0x0000000709e00000, 0x000000070a000000|  0%| F|  |TAMS 0x0000000709e00000, 0x0000000709e00000| Untracked 
|  65|0x000000070a000000, 0x000000070a000000, 0x000000070a200000|  0%| F|  |TAMS 0x000000070a000000, 0x000000070a000000| Untracked 
|  66|0x000000070a200000, 0x000000070a200000, 0x000000070a400000|  0%| F|  |TAMS 0x000000070a200000, 0x000000070a200000| Untracked 
|  67|0x000000070a400000, 0x000000070a400000, 0x000000070a600000|  0%| F|  |TAMS 0x000000070a400000, 0x000000070a400000| Untracked 
|  68|0x000000070a600000, 0x000000070a600000, 0x000000070a800000|  0%| F|  |TAMS 0x000000070a600000, 0x000000070a600000| Untracked 
|  69|0x000000070a800000, 0x000000070a800000, 0x000000070aa00000|  0%| F|  |TAMS 0x000000070a800000, 0x000000070a800000| Untracked 
|  70|0x000000070aa00000, 0x000000070aa00000, 0x000000070ac00000|  0%| F|  |TAMS 0x000000070aa00000, 0x000000070aa00000| Untracked 
|  71|0x000000070ac00000, 0x000000070ac00000, 0x000000070ae00000|  0%| F|  |TAMS 0x000000070ac00000, 0x000000070ac00000| Untracked 
|  72|0x000000070ae00000, 0x000000070ae00000, 0x000000070b000000|  0%| F|  |TAMS 0x000000070ae00000, 0x000000070ae00000| Untracked 
|  73|0x000000070b000000, 0x000000070b000000, 0x000000070b200000|  0%| F|  |TAMS 0x000000070b000000, 0x000000070b000000| Untracked 
|  74|0x000000070b200000, 0x000000070b200000, 0x000000070b400000|  0%| F|  |TAMS 0x000000070b200000, 0x000000070b200000| Untracked 
|  75|0x000000070b400000, 0x000000070b400000, 0x000000070b600000|  0%| F|  |TAMS 0x000000070b400000, 0x000000070b400000| Untracked 
|  76|0x000000070b600000, 0x000000070b600000, 0x000000070b800000|  0%| F|  |TAMS 0x000000070b600000, 0x000000070b600000| Untracked 
|  77|0x000000070b800000, 0x000000070b800000, 0x000000070ba00000|  0%| F|  |TAMS 0x000000070b800000, 0x000000070b800000| Untracked 
|  78|0x000000070ba00000, 0x000000070ba00000, 0x000000070bc00000|  0%| F|  |TAMS 0x000000070ba00000, 0x000000070ba00000| Untracked 
|  79|0x000000070bc00000, 0x000000070bc00000, 0x000000070be00000|  0%| F|  |TAMS 0x000000070bc00000, 0x000000070bc00000| Untracked 
|  80|0x000000070be00000, 0x000000070be00000, 0x000000070c000000|  0%| F|  |TAMS 0x000000070be00000, 0x000000070be00000| Untracked 
|  81|0x000000070c000000, 0x000000070c000000, 0x000000070c200000|  0%| F|  |TAMS 0x000000070c000000, 0x000000070c000000| Untracked 
|  82|0x000000070c200000, 0x000000070c200000, 0x000000070c400000|  0%| F|  |TAMS 0x000000070c200000, 0x000000070c200000| Untracked 
|  83|0x000000070c400000, 0x000000070c400000, 0x000000070c600000|  0%| F|  |TAMS 0x000000070c400000, 0x000000070c400000| Untracked 
|  84|0x000000070c600000, 0x000000070c600000, 0x000000070c800000|  0%| F|  |TAMS 0x000000070c600000, 0x000000070c600000| Untracked 
|  85|0x000000070c800000, 0x000000070c800000, 0x000000070ca00000|  0%| F|  |TAMS 0x000000070c800000, 0x000000070c800000| Untracked 
|  86|0x000000070ca00000, 0x000000070ca00000, 0x000000070cc00000|  0%| F|  |TAMS 0x000000070ca00000, 0x000000070ca00000| Untracked 
|  87|0x000000070cc00000, 0x000000070cc00000, 0x000000070ce00000|  0%| F|  |TAMS 0x000000070cc00000, 0x000000070cc00000| Untracked 
|  88|0x000000070ce00000, 0x000000070ce00000, 0x000000070d000000|  0%| F|  |TAMS 0x000000070ce00000, 0x000000070ce00000| Untracked 
|  89|0x000000070d000000, 0x000000070d000000, 0x000000070d200000|  0%| F|  |TAMS 0x000000070d000000, 0x000000070d000000| Untracked 
|  90|0x000000070d200000, 0x000000070d200000, 0x000000070d400000|  0%| F|  |TAMS 0x000000070d200000, 0x000000070d200000| Untracked 
|  91|0x000000070d400000, 0x000000070d400000, 0x000000070d600000|  0%| F|  |TAMS 0x000000070d400000, 0x000000070d400000| Untracked 
|  92|0x000000070d600000, 0x000000070d600000, 0x000000070d800000|  0%| F|  |TAMS 0x000000070d600000, 0x000000070d600000| Untracked 
|  93|0x000000070d800000, 0x000000070d800000, 0x000000070da00000|  0%| F|  |TAMS 0x000000070d800000, 0x000000070d800000| Untracked 
|  94|0x000000070da00000, 0x000000070da00000, 0x000000070dc00000|  0%| F|  |TAMS 0x000000070da00000, 0x000000070da00000| Untracked 
|  95|0x000000070dc00000, 0x000000070dc00000, 0x000000070de00000|  0%| F|  |TAMS 0x000000070dc00000, 0x000000070dc00000| Untracked 
|  96|0x000000070de00000, 0x000000070de00000, 0x000000070e000000|  0%| F|  |TAMS 0x000000070de00000, 0x000000070de00000| Untracked 
|  97|0x000000070e000000, 0x000000070e000000, 0x000000070e200000|  0%| F|  |TAMS 0x000000070e000000, 0x000000070e000000| Untracked 
|  98|0x000000070e200000, 0x000000070e200000, 0x000000070e400000|  0%| F|  |TAMS 0x000000070e200000, 0x000000070e200000| Untracked 
|  99|0x000000070e400000, 0x000000070e400000, 0x000000070e600000|  0%| F|  |TAMS 0x000000070e400000, 0x000000070e400000| Untracked 
| 100|0x000000070e600000, 0x000000070e600000, 0x000000070e800000|  0%| F|  |TAMS 0x000000070e600000, 0x000000070e600000| Untracked 
| 101|0x000000070e800000, 0x000000070e800000, 0x000000070ea00000|  0%| F|  |TAMS 0x000000070e800000, 0x000000070e800000| Untracked 
| 102|0x000000070ea00000, 0x000000070ea00000, 0x000000070ec00000|  0%| F|  |TAMS 0x000000070ea00000, 0x000000070ea00000| Untracked 
| 103|0x000000070ec00000, 0x000000070ec00000, 0x000000070ee00000|  0%| F|  |TAMS 0x000000070ec00000, 0x000000070ec00000| Untracked 
| 104|0x000000070ee00000, 0x000000070ee00000, 0x000000070f000000|  0%| F|  |TAMS 0x000000070ee00000, 0x000000070ee00000| Untracked 
| 105|0x000000070f000000, 0x000000070f000000, 0x000000070f200000|  0%| F|  |TAMS 0x000000070f000000, 0x000000070f000000| Untracked 
| 106|0x000000070f200000, 0x000000070f200000, 0x000000070f400000|  0%| F|  |TAMS 0x000000070f200000, 0x000000070f200000| Untracked 
| 107|0x000000070f400000, 0x000000070f400000, 0x000000070f600000|  0%| F|  |TAMS 0x000000070f400000, 0x000000070f400000| Untracked 
| 108|0x000000070f600000, 0x000000070f600000, 0x000000070f800000|  0%| F|  |TAMS 0x000000070f600000, 0x000000070f600000| Untracked 
| 109|0x000000070f800000, 0x000000070f800000, 0x000000070fa00000|  0%| F|  |TAMS 0x000000070f800000, 0x000000070f800000| Untracked 
| 110|0x000000070fa00000, 0x000000070fc00000, 0x000000070fc00000|100%| S|CS|TAMS 0x000000070fa00000, 0x000000070fa00000| Complete 
| 111|0x000000070fc00000, 0x000000070fe00000, 0x000000070fe00000|100%| S|CS|TAMS 0x000000070fc00000, 0x000000070fc00000| Complete 
| 112|0x000000070fe00000, 0x0000000710000000, 0x0000000710000000|100%| S|CS|TAMS 0x000000070fe00000, 0x000000070fe00000| Complete 
| 113|0x0000000710000000, 0x0000000710000000, 0x0000000710200000|  0%| F|  |TAMS 0x0000000710000000, 0x0000000710000000| Untracked 
| 114|0x0000000710200000, 0x0000000710200000, 0x0000000710400000|  0%| F|  |TAMS 0x0000000710200000, 0x0000000710200000| Untracked 
| 115|0x0000000710400000, 0x0000000710400000, 0x0000000710600000|  0%| F|  |TAMS 0x0000000710400000, 0x0000000710400000| Untracked 
| 116|0x0000000710600000, 0x0000000710600000, 0x0000000710800000|  0%| F|  |TAMS 0x0000000710600000, 0x0000000710600000| Untracked 
| 117|0x0000000710800000, 0x0000000710800000, 0x0000000710a00000|  0%| F|  |TAMS 0x0000000710800000, 0x0000000710800000| Untracked 
| 118|0x0000000710a00000, 0x0000000710a00000, 0x0000000710c00000|  0%| F|  |TAMS 0x0000000710a00000, 0x0000000710a00000| Untracked 
| 119|0x0000000710c00000, 0x0000000710c00000, 0x0000000710e00000|  0%| F|  |TAMS 0x0000000710c00000, 0x0000000710c00000| Untracked 
| 120|0x0000000710e00000, 0x0000000710e00000, 0x0000000711000000|  0%| F|  |TAMS 0x0000000710e00000, 0x0000000710e00000| Untracked 
| 121|0x0000000711000000, 0x0000000711100800, 0x0000000711200000| 50%| E|  |TAMS 0x0000000711000000, 0x0000000711000000| Complete 
| 122|0x0000000711200000, 0x0000000711400000, 0x0000000711400000|100%| E|CS|TAMS 0x0000000711200000, 0x0000000711200000| Complete 
| 123|0x0000000711400000, 0x0000000711600000, 0x0000000711600000|100%| E|CS|TAMS 0x0000000711400000, 0x0000000711400000| Complete 
| 124|0x0000000711600000, 0x0000000711800000, 0x0000000711800000|100%| E|CS|TAMS 0x0000000711600000, 0x0000000711600000| Complete 
| 125|0x0000000711800000, 0x0000000711a00000, 0x0000000711a00000|100%| E|CS|TAMS 0x0000000711800000, 0x0000000711800000| Complete 
| 126|0x0000000711a00000, 0x0000000711c00000, 0x0000000711c00000|100%| E|CS|TAMS 0x0000000711a00000, 0x0000000711a00000| Complete 
| 127|0x0000000711c00000, 0x0000000711e00000, 0x0000000711e00000|100%| E|CS|TAMS 0x0000000711c00000, 0x0000000711c00000| Complete 

Card table byte_map: [0x000001cb7cf30000,0x000001cb7d730000] _byte_map_base: 0x000001cb79721000

Marking Bits (Prev, Next): (CMBitMap*) 0x000001cb640c89e0, (CMBitMap*) 0x000001cb640c8a20
 Prev Bits: [0x000001cb00000000, 0x000001cb03f88000)
 Next Bits: [0x000001cb03f90000, 0x000001cb07f18000)

Polling page: 0x000001cb64120000

Metaspace:

Usage:
  Non-class:      7.18 MB used.
      Class:    889.11 KB used.
       Both:      8.05 MB used.

Virtual space:
  Non-class space:       64.00 MB reserved,       7.25 MB ( 11%) committed,  1 nodes.
      Class space:        1.00 GB reserved,     960.00 KB ( <1%) committed,  1 nodes.
             Both:        1.06 GB reserved,       8.19 MB ( <1%) committed. 

Chunk freelists:
   Non-Class:  8.70 MB
       Class:  14.89 MB
        Both:  23.59 MB

MaxMetaspaceSize: unlimited
CompressedClassSpaceSize: 1.00 GB
Initial GC threshold: 21.00 MB
Current GC threshold: 21.00 MB
CDS: on
MetaspaceReclaimPolicy: balanced
 - commit_granule_bytes: 65536.
 - commit_granule_words: 8192.
 - virtual_space_node_default_size: 8388608.
 - enlarge_chunks_in_place: 1.
 - new_chunks_are_fully_committed: 0.
 - uncommit_free_chunks: 1.
 - use_allocation_guard: 0.
 - handle_deallocations: 1.


Internal statistics:

num_allocs_failed_limit: 0.
num_arena_births: 150.
num_arena_deaths: 0.
num_vsnodes_births: 2.
num_vsnodes_deaths: 0.
num_space_committed: 131.
num_space_uncommitted: 0.
num_chunks_returned_to_freelist: 0.
num_chunks_taken_from_freelist: 340.
num_chunk_merges: 0.
num_chunk_splits: 226.
num_chunks_enlarged: 165.
num_inconsistent_stats: 0.

CodeHeap 'non-profiled nmethods': size=120000Kb used=1110Kb max_used=1110Kb free=118889Kb
 bounds [0x000001cb74be0000, 0x000001cb74e50000, 0x000001cb7c110000]
CodeHeap 'profiled nmethods': size=120000Kb used=3486Kb max_used=3486Kb free=116513Kb
 bounds [0x000001cb6d110000, 0x000001cb6d480000, 0x000001cb74640000]
CodeHeap 'non-nmethods': size=5760Kb used=1161Kb max_used=1218Kb free=4598Kb
 bounds [0x000001cb74640000, 0x000001cb748b0000, 0x000001cb74be0000]
 total_blobs=2281 nmethods=1827 adapters=367
 compilation: enabled
              stopped_count=0, restarted_count=0
 full_count=0

Compilation events (20 events):
Event: 3.530 Thread 0x000001cb4f46dab0 nmethod 1806 0x000001cb74ce2f10 code [0x000001cb74ce30c0, 0x000001cb74ce35a8]
Event: 3.530 Thread 0x000001cb4f46dab0 1815       4       net.datafaker.shaded.snakeyaml.nodes.Tag::hashCode (8 bytes)
Event: 3.534 Thread 0x000001cb08554fe0 nmethod 1793% 0x000001cb74ce3910 code [0x000001cb74ce3b40, 0x000001cb74ce46d0]
Event: 3.534 Thread 0x000001cb08554fe0 1818       4       java.util.HashMap::removeNode (291 bytes)
Event: 3.535 Thread 0x000001cb4f46dab0 nmethod 1815 0x000001cb74ce4e10 code [0x000001cb74ce4fa0, 0x000001cb74ce51d8]
Event: 3.535 Thread 0x000001cb4f46dab0 1817       4       java.util.HashSet::remove (20 bytes)
Event: 3.544 Thread 0x000001cb4f46dab0 nmethod 1817 0x000001cb74ce5390 code [0x000001cb74ce5540, 0x000001cb74ce5b58]
Event: 3.544 Thread 0x000001cb4f46dab0 1816       4       java.util.HashMap::remove (26 bytes)
Event: 3.548 Thread 0x000001cb08554fe0 nmethod 1818 0x000001cb74ce5f90 code [0x000001cb74ce6140, 0x000001cb74ce69d8]
Event: 3.549 Thread 0x000001cb08554fe0 1819       4       java.util.HashSet::contains (9 bytes)
Event: 3.555 Thread 0x000001cb08554fe0 nmethod 1819 0x000001cb74ce6e10 code [0x000001cb74ce6fc0, 0x000001cb74ce74c8]
Event: 3.555 Thread 0x000001cb08554fe0 1821       4       net.datafaker.shaded.snakeyaml.constructor.BaseConstructor::constructObject (30 bytes)
Event: 3.557 Thread 0x000001cb4f46dab0 nmethod 1816 0x000001cb74ce7810 code [0x000001cb74ce79c0, 0x000001cb74ce8238]
Event: 3.558 Thread 0x000001cb4f46dab0 1822       4       net.datafaker.shaded.snakeyaml.constructor.BaseConstructor::constructObjectNoCheck (128 bytes)
Event: 3.567 Thread 0x000001cb086d1ab0 1826       1       net.datafaker.shaded.snakeyaml.nodes.NodeTuple::getKeyNode (5 bytes)
Event: 3.567 Thread 0x000001cb086d1ab0 nmethod 1826 0x000001cb74ce8690 code [0x000001cb74ce8820, 0x000001cb74ce88f8]
Event: 3.655 Thread 0x000001cb4f46dab0 nmethod 1822 0x000001cb74ce8990 code [0x000001cb74ce8ca0, 0x000001cb74ceb1a0]
Event: 3.655 Thread 0x000001cb4f46dab0 1823       4       net.datafaker.shaded.snakeyaml.constructor.BaseConstructor::getConstructor (128 bytes)
Event: 3.659 Thread 0x000001cb08554fe0 nmethod 1821 0x000001cb74cecd90 code [0x000001cb74ced0e0, 0x000001cb74cef780]
Event: 3.659 Thread 0x000001cb08554fe0 1824       4       net.datafaker.shaded.snakeyaml.nodes.Node::useClassConstructor (71 bytes)

GC Heap History (12 events):
Event: 0.951 GC heap before
{Heap before GC invocations=0 (full 0):
 garbage-first heap   total 262144K, used 10240K [0x0000000701e00000, 0x0000000800000000)
  region size 2048K, 6 young (12288K), 0 survivors (0K)
 Metaspace       used 1386K, committed 1536K, reserved 1114112K
  class space    used 120K, committed 192K, reserved 1048576K
}
Event: 0.979 GC heap after
{Heap after GC invocations=1 (full 0):
 garbage-first heap   total 262144K, used 7979K [0x0000000701e00000, 0x0000000800000000)
  region size 2048K, 1 young (2048K), 1 survivors (2048K)
 Metaspace       used 1386K, committed 1536K, reserved 1114112K
  class space    used 120K, committed 192K, reserved 1048576K
}
Event: 1.688 GC heap before
{Heap before GC invocations=1 (full 0):
 garbage-first heap   total 262144K, used 16171K [0x0000000701e00000, 0x0000000800000000)
  region size 2048K, 6 young (12288K), 1 survivors (2048K)
 Metaspace       used 5589K, committed 5760K, reserved 1114112K
  class space    used 597K, committed 704K, reserved 1048576K
}
Event: 1.691 GC heap after
{Heap after GC invocations=2 (full 0):
 garbage-first heap   total 262144K, used 10006K [0x0000000701e00000, 0x0000000800000000)
  region size 2048K, 1 young (2048K), 1 survivors (2048K)
 Metaspace       used 5589K, committed 5760K, reserved 1114112K
  class space    used 597K, committed 704K, reserved 1048576K
}
Event: 2.194 GC heap before
{Heap before GC invocations=2 (full 0):
 garbage-first heap   total 262144K, used 24342K [0x0000000701e00000, 0x0000000800000000)
  region size 2048K, 8 young (16384K), 1 survivors (2048K)
 Metaspace       used 8160K, committed 8384K, reserved 1114112K
  class space    used 888K, committed 960K, reserved 1048576K
}
Event: 2.198 GC heap after
{Heap after GC invocations=3 (full 0):
 garbage-first heap   total 262144K, used 11621K [0x0000000701e00000, 0x0000000800000000)
  region size 2048K, 1 young (2048K), 1 survivors (2048K)
 Metaspace       used 8160K, committed 8384K, reserved 1114112K
  class space    used 888K, committed 960K, reserved 1048576K
}
Event: 3.221 GC heap before
{Heap before GC invocations=3 (full 0):
 garbage-first heap   total 262144K, used 116069K [0x0000000701e00000, 0x0000000800000000)
  region size 2048K, 52 young (106496K), 1 survivors (2048K)
 Metaspace       used 8232K, committed 8384K, reserved 1114112K
  class space    used 889K, committed 960K, reserved 1048576K
}
Event: 3.250 GC heap after
{Heap after GC invocations=4 (full 0):
 garbage-first heap   total 262144K, used 36861K [0x0000000701e00000, 0x0000000800000000)
  region size 2048K, 7 young (14336K), 7 survivors (14336K)
 Metaspace       used 8232K, committed 8384K, reserved 1114112K
  class space    used 889K, committed 960K, reserved 1048576K
}
Event: 3.393 GC heap before
{Heap before GC invocations=4 (full 0):
 garbage-first heap   total 262144K, used 86013K [0x0000000701e00000, 0x0000000800000000)
  region size 2048K, 31 young (63488K), 7 survivors (14336K)
 Metaspace       used 8234K, committed 8384K, reserved 1114112K
  class space    used 889K, committed 960K, reserved 1048576K
}
Event: 3.429 GC heap after
{Heap after GC invocations=5 (full 0):
 garbage-first heap   total 262144K, used 49625K [0x0000000701e00000, 0x0000000800000000)
  region size 2048K, 4 young (8192K), 4 survivors (8192K)
 Metaspace       used 8234K, committed 8384K, reserved 1114112K
  class space    used 889K, committed 960K, reserved 1048576K
}
Event: 3.491 GC heap before
{Heap before GC invocations=5 (full 0):
 garbage-first heap   total 262144K, used 80345K [0x0000000701e00000, 0x0000000800000000)
  region size 2048K, 19 young (38912K), 4 survivors (8192K)
 Metaspace       used 8234K, committed 8384K, reserved 1114112K
  class space    used 889K, committed 960K, reserved 1048576K
}
Event: 3.505 GC heap after
{Heap after GC invocations=6 (full 0):
 garbage-first heap   total 262144K, used 58957K [0x0000000701e00000, 0x0000000800000000)
  region size 2048K, 3 young (6144K), 3 survivors (6144K)
 Metaspace       used 8234K, committed 8384K, reserved 1114112K
  class space    used 889K, committed 960K, reserved 1048576K
}

Deoptimization events (20 events):
Event: 3.518 Thread 0x000001cb6405da40 Uncommon trap: trap_request=0xffffff45 fr.pc=0x000001cb74c6486c relative=0x00000000000005ec
Event: 3.518 Thread 0x000001cb6405da40 Uncommon trap: reason=unstable_if action=reinterpret pc=0x000001cb74c6486c method=net.datafaker.shaded.snakeyaml.scanner.ScannerImpl.needMoreTokens()Z @ 4 c2
Event: 3.518 Thread 0x000001cb6405da40 DEOPT PACKING pc=0x000001cb74c6486c sp=0x00000056238fc480
Event: 3.518 Thread 0x000001cb6405da40 DEOPT UNPACKING pc=0x000001cb746923a3 sp=0x00000056238fc460 mode 2
Event: 3.518 Thread 0x000001cb6405da40 Uncommon trap: trap_request=0xffffff45 fr.pc=0x000001cb74c87dc8 relative=0x0000000000002248
Event: 3.518 Thread 0x000001cb6405da40 Uncommon trap: reason=unstable_if action=reinterpret pc=0x000001cb74c87dc8 method=net.datafaker.shaded.snakeyaml.scanner.ScannerImpl.needMoreTokens()Z @ 4 c2
Event: 3.518 Thread 0x000001cb6405da40 DEOPT PACKING pc=0x000001cb74c87dc8 sp=0x00000056238fc410
Event: 3.518 Thread 0x000001cb6405da40 DEOPT UNPACKING pc=0x000001cb746923a3 sp=0x00000056238fc2f0 mode 2
Event: 3.519 Thread 0x000001cb6405da40 Uncommon trap: trap_request=0xffffff45 fr.pc=0x000001cb74c7b4b4 relative=0x00000000000003f4
Event: 3.519 Thread 0x000001cb6405da40 Uncommon trap: reason=unstable_if action=reinterpret pc=0x000001cb74c7b4b4 method=java.util.HashSet.remove(Ljava/lang/Object;)Z @ 11 c2
Event: 3.519 Thread 0x000001cb6405da40 DEOPT PACKING pc=0x000001cb74c7b4b4 sp=0x00000056238fcf10
Event: 3.519 Thread 0x000001cb6405da40 DEOPT UNPACKING pc=0x000001cb746923a3 sp=0x00000056238fcee8 mode 2
Event: 3.523 Thread 0x000001cb6405da40 Uncommon trap: trap_request=0xffffff45 fr.pc=0x000001cb74c68108 relative=0x0000000000000748
Event: 3.523 Thread 0x000001cb6405da40 Uncommon trap: reason=unstable_if action=reinterpret pc=0x000001cb74c68108 method=java.util.HashMap.removeNode(ILjava/lang/Object;Ljava/lang/Object;ZZ)Ljava/util/HashMap$Node; @ 121 c2
Event: 3.523 Thread 0x000001cb6405da40 DEOPT PACKING pc=0x000001cb74c68108 sp=0x00000056238fc0a0
Event: 3.523 Thread 0x000001cb6405da40 DEOPT UNPACKING pc=0x000001cb746923a3 sp=0x00000056238fbfa8 mode 2
Event: 3.523 Thread 0x000001cb6405da40 Uncommon trap: trap_request=0xffffff45 fr.pc=0x000001cb74c6d534 relative=0x0000000000000774
Event: 3.523 Thread 0x000001cb6405da40 Uncommon trap: reason=unstable_if action=reinterpret pc=0x000001cb74c6d534 method=java.util.HashMap.removeNode(ILjava/lang/Object;Ljava/lang/Object;ZZ)Ljava/util/HashMap$Node; @ 121 c2
Event: 3.523 Thread 0x000001cb6405da40 DEOPT PACKING pc=0x000001cb74c6d534 sp=0x00000056238fc000
Event: 3.523 Thread 0x000001cb6405da40 DEOPT UNPACKING pc=0x000001cb746923a3 sp=0x00000056238fbfa8 mode 2

Classes unloaded (0 events):
No events

Classes redefined (0 events):
No events

Internal exceptions (20 events):
Event: 1.377 Thread 0x000001cb6405da40 Exception <a 'java/lang/ClassNotFoundException'{0x00000007119b30f0}: com/sun/org/apache/xerces/internal/impl/msg/spi/SAXMessagesProvider> (0x00000007119b30f0) 
thrown [s\open\src\hotspot\share\classfile\systemDictionary.cpp, line 256]
Event: 1.475 Thread 0x000001cb6405da40 Exception <a 'java/lang/NoSuchMethodError'{0x000000071167c6a8}: 'java.lang.Object java.lang.invoke.DirectMethodHandle$Holder.invokeStaticInit(java.lang.Object, int, int, int, int)'> (0x000000071167c6a8) 
thrown [s\open\src\hotspot\share\interpreter\linkResolver.cpp, line 759]
Event: 1.594 Thread 0x000001cb6405da40 Exception <a 'java/lang/NoSuchMethodError'{0x0000000711755cc0}: 'java.lang.Object java.lang.invoke.DirectMethodHandle$Holder.invokeStaticInit(java.lang.Object, java.lang.Object, int, int, int, int)'> (0x0000000711755cc0) 
thrown [s\open\src\hotspot\share\interpreter\linkResolver.cpp, line 759]
Event: 1.714 Thread 0x000001cb6405da40 Exception <a 'java/lang/NoSuchMethodError'{0x0000000711c78458}: 'void java.lang.invoke.DirectMethodHandle$Holder.invokeStatic(java.lang.Object, java.lang.Object, java.lang.Object, java.lang.Object)'> (0x0000000711c78458) 
thrown [s\open\src\hotspot\share\interpreter\linkResolver.cpp, line 759]
Event: 1.725 Thread 0x000001cb6405da40 Exception <a 'java/lang/NoSuchMethodError'{0x0000000711cc36a8}: 'int java.lang.invoke.DirectMethodHandle$Holder.invokeInterface(java.lang.Object, java.lang.Object)'> (0x0000000711cc36a8) 
thrown [s\open\src\hotspot\share\interpreter\linkResolver.cpp, line 759]
Event: 1.726 Thread 0x000001cb6405da40 Exception <a 'java/lang/NoSuchMethodError'{0x0000000711ccd6a0}: 'java.lang.Object java.lang.invoke.Invokers$Holder.invokeExact_MT(java.lang.Object, java.lang.Object, java.lang.Object, java.lang.Object, java.lang.Object, java.lang.Object)'> (0x0000000711ccd6a0) 
thrown [s\open\src\hotspot\share\interpreter\linkResolver.cpp, line 759]
Event: 1.729 Thread 0x000001cb6405da40 Exception <a 'java/lang/NoSuchMethodError'{0x0000000711cfaf08}: 'java.lang.Object java.lang.invoke.DirectMethodHandle$Holder.invokeInterface(java.lang.Object, java.lang.Object)'> (0x0000000711cfaf08) 
thrown [s\open\src\hotspot\share\interpreter\linkResolver.cpp, line 759]
Event: 1.735 Thread 0x000001cb6405da40 Exception <a 'java/lang/NoSuchMethodError'{0x0000000711d18360}: 'int java.lang.invoke.DirectMethodHandle$Holder.invokeVirtual(java.lang.Object, java.lang.Object)'> (0x0000000711d18360) 
thrown [s\open\src\hotspot\share\interpreter\linkResolver.cpp, line 759]
Event: 1.753 Thread 0x000001cb6405da40 Exception <a 'java/lang/NoSuchMethodError'{0x0000000711da3798}: 'java.lang.Object java.lang.invoke.DirectMethodHandle$Holder.invokeSpecial(java.lang.Object, java.lang.Object, java.lang.Object, int, java.lang.Object)'> (0x0000000711da3798) 
thrown [s\open\src\hotspot\share\interpreter\linkResolver.cpp, line 759]
Event: 1.758 Thread 0x000001cb6405da40 Exception <a 'java/lang/NoSuchMethodError'{0x0000000711dbb068}: 'int java.lang.invoke.DirectMethodHandle$Holder.invokeStaticInit(java.lang.Object, java.lang.Object, java.lang.Object)'> (0x0000000711dbb068) 
thrown [s\open\src\hotspot\share\interpreter\linkResolver.cpp, line 759]
Event: 1.850 Thread 0x000001cb6405da40 Exception <a 'java/lang/IncompatibleClassChangeError'{0x0000000711be1ee0}: Found class java.lang.Object, but interface was expected> (0x0000000711be1ee0) 
thrown [s\open\src\hotspot\share\interpreter\linkResolver.cpp, line 826]
Event: 1.854 Thread 0x000001cb6405da40 Exception <a 'java/lang/NoSuchMethodError'{0x0000000711bfa458}: 'java.lang.Object java.lang.invoke.DirectMethodHandle$Holder.invokeSpecial(java.lang.Object, java.lang.Object, java.lang.Object, java.lang.Object, java.lang.Object, java.lang.Object, java.lang.Object, java.lang.Object, java.lang.Object, java.lang.Object)'> (0x0000000711bfa458) 
thrown [s\open\src\hotspot\share\interpreter\linkResolver.cpp, line 759]
Event: 1.855 Thread 0x000001cb6405da40 Exception <a 'java/lang/NoSuchMethodError'{0x0000000711805668}: 'java.lang.Object java.lang.invoke.DirectMethodHandle$Holder.newInvokeSpecial(java.lang.Object, java.lang.Object, java.lang.Object, java.lang.Object, java.lang.Object, java.lang.Object, java.lang.Object, java.lang.Object, java.lang.Object)'> (0x0000000711805668) 
thrown [s\open\src\hotspot\share\interpreter\linkResolver.cpp, line 759]
Event: 1.858 Thread 0x000001cb6405da40 Exception <a 'java/lang/NoSuchMethodError'{0x000000071180a9b8}: 'java.lang.Object java.lang.invoke.Invokers$Holder.linkToTargetMethod(java.lang.Object, java.lang.Object, java.lang.Object, java.lang.Object, java.lang.Object, java.lang.Object, java.lang.Object, java.lang.Object, java.lang.Object)'> (0x000000071180a9b8) 
thrown [s\open\src\hotspot\share\interpreter\linkResolver.cpp, line 759]
Event: 1.918 Thread 0x000001cb6405da40 Exception <a 'java/lang/NoSuchMethodError'{0x00000007116eed88}: 'java.lang.Object java.lang.invoke.DirectMethodHandle$Holder.newInvokeSpecial(java.lang.Object, java.lang.Object, java.lang.Object, java.lang.Object, java.lang.Object, java.lang.Object, java.lang.Object)'> (0x00000007116eed88) 
thrown [s\open\src\hotspot\share\interpreter\linkResolver.cpp, line 759]
Event: 1.919 Thread 0x000001cb6405da40 Exception <a 'java/lang/NoSuchMethodError'{0x00000007116f39f0}: 'java.lang.Object java.lang.invoke.Invokers$Holder.linkToTargetMethod(java.lang.Object, java.lang.Object, java.lang.Object, java.lang.Object, java.lang.Object, java.lang.Object, java.lang.Object)'> (0x00000007116f39f0) 
thrown [s\open\src\hotspot\share\interpreter\linkResolver.cpp, line 759]
Event: 2.017 Thread 0x000001cb6405da40 Implicit null exception at 0x000001cb74c422e0 to 0x000001cb74c4237a
Event: 2.018 Thread 0x000001cb6405da40 Implicit null exception at 0x000001cb74c37a0f to 0x000001cb74c37a89
Event: 2.061 Thread 0x000001cb6405da40 Implicit null exception at 0x000001cb74c49d8f to 0x000001cb74c4a19c
Event: 2.061 Thread 0x000001cb6405da40 Implicit null exception at 0x000001cb74c42a0f to 0x000001cb74c42e10

VM Operations (20 events):
Event: 1.411 Executing VM operation: HandshakeAllThreads
Event: 1.411 Executing VM operation: HandshakeAllThreads done
Event: 1.444 Executing VM operation: HandshakeAllThreads
Event: 1.444 Executing VM operation: HandshakeAllThreads done
Event: 1.604 Executing VM operation: HandshakeAllThreads
Event: 1.604 Executing VM operation: HandshakeAllThreads done
Event: 1.688 Executing VM operation: G1CollectForAllocation
Event: 1.691 Executing VM operation: G1CollectForAllocation done
Event: 2.189 Executing VM operation: ICBufferFull
Event: 2.189 Executing VM operation: ICBufferFull done
Event: 2.194 Executing VM operation: G1CollectForAllocation
Event: 2.198 Executing VM operation: G1CollectForAllocation done
Event: 3.204 Executing VM operation: Cleanup
Event: 3.204 Executing VM operation: Cleanup done
Event: 3.221 Executing VM operation: G1CollectForAllocation
Event: 3.250 Executing VM operation: G1CollectForAllocation done
Event: 3.393 Executing VM operation: G1CollectForAllocation
Event: 3.429 Executing VM operation: G1CollectForAllocation done
Event: 3.491 Executing VM operation: G1CollectForAllocation
Event: 3.505 Executing VM operation: G1CollectForAllocation done

Events (20 events):
Event: 2.064 loading class java/io/PushbackInputStream
Event: 2.064 loading class java/io/PushbackInputStream done
Event: 2.080 loading class java/nio/charset/CharacterCodingException
Event: 2.081 loading class java/nio/charset/CharacterCodingException done
Event: 2.101 loading class java/net/URLDecoder
Event: 2.102 loading class java/net/URLDecoder done
Event: 2.102 loading class java/net/URLEncoder
Event: 2.102 loading class java/net/URLEncoder done
Event: 2.102 loading class java/util/TreeMap$DescendingSubMap
Event: 2.102 loading class java/util/TreeMap$NavigableSubMap
Event: 2.102 loading class java/util/TreeMap$NavigableSubMap done
Event: 2.102 loading class java/util/TreeMap$DescendingSubMap done
Event: 2.103 loading class java/util/Collections$ReverseComparator
Event: 2.103 loading class java/util/Collections$ReverseComparator done
Event: 2.103 loading class java/util/TreeMap$NavigableSubMap$DescendingSubMapKeyIterator
Event: 2.103 loading class java/util/TreeMap$NavigableSubMap$SubMapIterator
Event: 2.103 loading class java/util/TreeMap$NavigableSubMap$SubMapIterator done
Event: 2.103 loading class java/util/TreeMap$NavigableSubMap$DescendingSubMapKeyIterator done
Event: 3.303 Thread 0x000001cb4eb23b30 Thread exited: 0x000001cb4eb23b30
Event: 3.309 Thread 0x000001cb4f46dab0 Thread added: 0x000001cb4f46dab0


Dynamic libraries:
0x00007ff663870000 - 0x00007ff663880000 	C:\Program Files\Java\jdk-17\bin\javaw.exe
0x00007ffda0bb0000 - 0x00007ffda0da8000 	C:\Windows\SYSTEM32\ntdll.dll
0x00007ffd9f970000 - 0x00007ffd9fa32000 	C:\Windows\System32\KERNEL32.DLL
0x00007ffd9e2a0000 - 0x00007ffd9e596000 	C:\Windows\System32\KERNELBASE.dll
0x00007ffd9ea40000 - 0x00007ffd9eb40000 	C:\Windows\System32\ucrtbase.dll
0x00007ffd917f0000 - 0x00007ffd91809000 	C:\Program Files\Java\jdk-17\bin\jli.dll
0x00007ffd9f360000 - 0x00007ffd9f411000 	C:\Windows\System32\ADVAPI32.dll
0x00007ffda0740000 - 0x00007ffda07de000 	C:\Windows\System32\msvcrt.dll
0x00007ffd9fdd0000 - 0x00007ffd9fe6f000 	C:\Windows\System32\sechost.dll
0x00007ffda0a20000 - 0x00007ffda0b40000 	C:\Windows\System32\RPCRT4.dll
0x00007ffd9e270000 - 0x00007ffd9e297000 	C:\Windows\System32\bcrypt.dll
0x00007ffd9fb20000 - 0x00007ffd9fcc1000 	C:\Windows\System32\USER32.dll
0x00007ffd9e240000 - 0x00007ffd9e262000 	C:\Windows\System32\win32u.dll
0x00007ffda0710000 - 0x00007ffda073b000 	C:\Windows\System32\GDI32.dll
0x00007ffd9e920000 - 0x00007ffd9ea39000 	C:\Windows\System32\gdi32full.dll
0x00007ffd9e880000 - 0x00007ffd9e91d000 	C:\Windows\System32\msvcp_win.dll
0x00007ffd78d50000 - 0x00007ffd78d6b000 	C:\Program Files\Java\jdk-17\bin\VCRUNTIME140.dll
0x00007ffd9d570000 - 0x00007ffd9d80b000 	C:\Windows\WinSxS\amd64_microsoft.windows.common-controls_6595b64144ccf1df_6.0.19041.6456_none_60b8a6cb71f64256\COMCTL32.dll
0x00007ffd92980000 - 0x00007ffd9298a000 	C:\Windows\SYSTEM32\VERSION.dll
0x00007ffda0b40000 - 0x00007ffda0b6f000 	C:\Windows\System32\IMM32.DLL
0x00007ffd964e0000 - 0x00007ffd964ec000 	C:\Program Files\Java\jdk-17\bin\vcruntime140_1.dll
0x00007ffd774f0000 - 0x00007ffd7757e000 	C:\Program Files\Java\jdk-17\bin\msvcp140.dll
0x00007ffd17980000 - 0x00007ffd18560000 	C:\Program Files\Java\jdk-17\bin\server\jvm.dll
0x00007ffd9f550000 - 0x00007ffd9f558000 	C:\Windows\System32\PSAPI.DLL
0x00007ffd86970000 - 0x00007ffd86979000 	C:\Windows\SYSTEM32\WSOCK32.dll
0x00007ffd9fcd0000 - 0x00007ffd9fd3b000 	C:\Windows\System32\WS2_32.dll
0x00007ffd746c0000 - 0x00007ffd746e7000 	C:\Windows\SYSTEM32\WINMM.dll
0x00007ffd9c3a0000 - 0x00007ffd9c3b2000 	C:\Windows\SYSTEM32\kernel.appcore.dll
0x00007ffd94e30000 - 0x00007ffd94e3a000 	C:\Program Files\Java\jdk-17\bin\jimage.dll
0x00007ffd9d960000 - 0x00007ffd9db61000 	C:\Windows\SYSTEM32\DBGHELP.DLL
0x00007ffd9d920000 - 0x00007ffd9d954000 	C:\Windows\SYSTEM32\dbgcore.DLL
0x00007ffd9eb40000 - 0x00007ffd9ebc2000 	C:\Windows\System32\bcryptPrimitives.dll
0x00007ffd78b10000 - 0x00007ffd78b35000 	C:\Program Files\Java\jdk-17\bin\java.dll
0x00007ffd62650000 - 0x00007ffd62727000 	C:\Program Files\Java\jdk-17\bin\jsvml.dll
0x00007ffd9ebd0000 - 0x00007ffd9f340000 	C:\Windows\System32\SHELL32.dll
0x00007ffd9bbf0000 - 0x00007ffd9c395000 	C:\Windows\SYSTEM32\windows.storage.dll
0x00007ffd9f560000 - 0x00007ffd9f8b4000 	C:\Windows\System32\combase.dll
0x00007ffd9d4d0000 - 0x00007ffd9d4fb000 	C:\Windows\SYSTEM32\Wldp.dll
0x00007ffda05e0000 - 0x00007ffda06ad000 	C:\Windows\System32\OLEAUT32.dll
0x00007ffda0530000 - 0x00007ffda05dd000 	C:\Windows\System32\SHCORE.dll
0x00007ffda06b0000 - 0x00007ffda070b000 	C:\Windows\System32\shlwapi.dll
0x00007ffd9e170000 - 0x00007ffd9e194000 	C:\Windows\SYSTEM32\profapi.dll
0x00007ffd78bf0000 - 0x00007ffd78c09000 	C:\Program Files\Java\jdk-17\bin\net.dll
0x00007ffd910f0000 - 0x00007ffd911fa000 	C:\Windows\SYSTEM32\WINHTTP.dll
0x00007ffd9d1b0000 - 0x00007ffd9d21a000 	C:\Windows\system32\mswsock.dll
0x00007ffd78af0000 - 0x00007ffd78b06000 	C:\Program Files\Java\jdk-17\bin\nio.dll
0x00007ffd78ad0000 - 0x00007ffd78ae8000 	C:\Program Files\Java\jdk-17\bin\zip.dll
0x00007ffd93820000 - 0x00007ffd93830000 	C:\Program Files\Java\jdk-17\bin\verify.dll
0x00007ffd9cf50000 - 0x00007ffd9d01a000 	C:\Windows\SYSTEM32\DNSAPI.dll
0x00007ffd9cf10000 - 0x00007ffd9cf4b000 	C:\Windows\SYSTEM32\IPHLPAPI.DLL
0x00007ffda0990000 - 0x00007ffda0998000 	C:\Windows\System32\NSI.dll
0x00007ffd8e080000 - 0x00007ffd8e08a000 	C:\Windows\System32\rasadhlp.dll
0x00007ffd8d980000 - 0x00007ffd8da00000 	C:\Windows\System32\fwpuclnt.dll
0x00007ffd9ded0000 - 0x00007ffd9dee8000 	C:\Windows\SYSTEM32\CRYPTSP.dll
0x00007ffd9cbb0000 - 0x00007ffd9cbe8000 	C:\Windows\system32\rsaenh.dll
0x00007ffd9e0f0000 - 0x00007ffd9e11e000 	C:\Windows\SYSTEM32\USERENV.dll
0x00007ffd9d4c0000 - 0x00007ffd9d4cc000 	C:\Windows\SYSTEM32\CRYPTBASE.dll
0x00007ffd916c0000 - 0x00007ffd916d7000 	C:\Windows\SYSTEM32\dhcpcsvc6.DLL
0x00007ffd927a0000 - 0x00007ffd927bd000 	C:\Windows\SYSTEM32\dhcpcsvc.DLL

dbghelp: loaded successfully - version: 4.0.5 - missing functions: none
symbol engine: initialized successfully - sym options: 0x614 - pdb path: .;C:\Program Files\Java\jdk-17\bin;C:\Windows\SYSTEM32;C:\Windows\WinSxS\amd64_microsoft.windows.common-controls_6595b64144ccf1df_6.0.19041.6456_none_60b8a6cb71f64256;C:\Program Files\Java\jdk-17\bin\server

VM Arguments:
jvm_args: -ea -Dfile.encoding=UTF-8 -Dstdout.encoding=UTF-8 -Dstderr.encoding=UTF-8 -XX:+ShowCodeDetailsInExceptionMessages 
java_command: org.testng.remote.RemoteTestNG -serport 60613 -protocol json -d C:\Users\admin\git\BMWebAutomation\test-output C:\Users\admin\git\BMWebAutomation\test-output\SmokeSuite\testng-failed.xml
java_class_path (initial): C:\Users\admin\eclipse\java-2025-03\eclipse\configuration\org.eclipse.osgi\522\0\.cp\lib\testng-remote.jar;C:\Users\admin\git\BMWebAutomation\target\test-classes;C:\Users\admin\git\BMWebAutomation\target\classes;C:\Users\admin\.m2\repository\com\microsoft\playwright\playwright\1.44.0\playwright-1.44.0.jar;C:\Users\admin\.m2\repository\org\opentest4j\opentest4j\1.3.0\opentest4j-1.3.0.jar;C:\Users\admin\.m2\repository\com\microsoft\playwright\driver\1.44.0\driver-1.44.0.jar;C:\Users\admin\.m2\repository\com\microsoft\playwright\driver-bundle\1.44.0\driver-bundle-1.44.0.jar;C:\Users\admin\.m2\repository\org\testng\testng\7.8.0\testng-7.8.0.jar;C:\Users\admin\.m2\repository\org\slf4j\slf4j-api\1.7.36\slf4j-api-1.7.36.jar;C:\Users\admin\.m2\repository\com\beust\jcommander\1.82\jcommander-1.82.jar;C:\Users\admin\.m2\repository\org\webjars\jquery\3.6.1\jquery-3.6.1.jar;C:\Users\admin\.m2\repository\org\slf4j\slf4j-simple\1.7.36\slf4j-simple-1.7.36.jar;C:\Users\admin\.m2\repository\org\apache\logging\log4j\log4j-api\3.0.0-alpha1\log4j-api-3.0.0-alpha1.jar;C:\Users\admin\.m2\repository\org\apache\logging\log4j\log4j-core\3.0.0-alpha1\log4j-core-3.0.0-alpha1.jar;C:\Users\admin\.m2\repository\org\apache\logging\log4j\log4j-plugins\3.0.0-alpha1\log4j-plugins-3.0.0-alpha1.jar;C:\Users\admin\.m2\repository\javax\activation\javax.activation-api\1.2.0\javax.activation-api-1.2.0.jar;C:\Users\admin\.m2\repository\javax\xml\bind\jaxb-api\2.3.1\jaxb-api-2.3.1.jar;C:\Users\admin\.m2\repository\com\fasterxml\woodstox\woodstox-core\6.5.0\woodstox-core-6.5.0.jar;C:\Users\admin\.m2\repository\org\codehaus\woodstox\stax2-api\4.2.1\stax2-api-4.2.1.jar;C:\Users\admin\.m2\repository\net\datafaker\datafaker\2.3.0\datafaker-2.3.0.jar;C:\Users\admin\.m2\repository\org\yaml\snakeyaml\2.2\snakeyaml-2.2.jar;C:\Users\admin\.m2\repository\com\github\curious-odd-man\rgxgen\2.0\rgxgen-2.0.jar;C:\Users\admin\.m2\repository\com\googlecode\libphonenumber\libphonenumber\8.13.40\l
Launcher Type: SUN_STANDARD

[Global flags]
     intx CICompilerCount                          = 3                                         {product} {ergonomic}
     uint ConcGCThreads                            = 1                                         {product} {ergonomic}
     uint G1ConcRefinementThreads                  = 4                                         {product} {ergonomic}
   size_t G1HeapRegionSize                         = 2097152                                   {product} {ergonomic}
    uintx GCDrainStackTargetSize                   = 64                                        {product} {ergonomic}
   size_t InitialHeapSize                          = 268435456                                 {product} {ergonomic}
   size_t MarkStackSize                            = 4194304                                   {product} {ergonomic}
   size_t MaxHeapSize                              = 4263510016                                {product} {ergonomic}
   size_t MaxNewSize                               = 2556428288                                {product} {ergonomic}
   size_t MinHeapDeltaBytes                        = 2097152                                   {product} {ergonomic}
   size_t MinHeapSize                              = 8388608                                   {product} {ergonomic}
    uintx NonNMethodCodeHeapSize                   = 5832780                                {pd product} {ergonomic}
    uintx NonProfiledCodeHeapSize                  = 122912730                              {pd product} {ergonomic}
    uintx ProfiledCodeHeapSize                     = 122912730                              {pd product} {ergonomic}
    uintx ReservedCodeCacheSize                    = 251658240                              {pd product} {ergonomic}
     bool SegmentedCodeCache                       = true                                      {product} {ergonomic}
     bool ShowCodeDetailsInExceptionMessages       = true                                   {manageable} {command line}
   size_t SoftMaxHeapSize                          = 4263510016                             {manageable} {ergonomic}
     bool UseCompressedClassPointers               = true                           {product lp64_product} {ergonomic}
     bool UseCompressedOops                        = true                           {product lp64_product} {ergonomic}
     bool UseG1GC                                  = true                                      {product} {ergonomic}
     bool UseLargePagesIndividualAllocation        = false                                  {pd product} {ergonomic}

Logging:
Log output configuration:
 #0: stdout all=warning uptime,level,tags
 #1: stderr all=off uptime,level,tags

Environment Variables:
JAVA_HOME=C:\Program Files\Java\jdk-17
PATH=C:/Users/admin/.p2/pool/plugins/org.eclipse.justj.openjdk.hotspot.jre.full.win32.x86_64_21.0.7.v20250502-0916/jre/bin/server;C:/Users/admin/.p2/pool/plugins/org.eclipse.justj.openjdk.hotspot.jre.full.win32.x86_64_21.0.7.v20250502-0916/jre/bin;C:\Program Files (x86)\TRICENTIS\Tosca Testsuite\ToscaCommander;C:\Program Files\Common Files\Oracle\Java\javapath;C:\Windows\system32;C:\Windows;C:\Windows\System32\Wbem;C:\Windows\System32\WindowsPowerShell\v1.0\;C:\Windows\System32\OpenSSH\;C:\Users\admin\Downloads\apache-maven-3.9.9-bin\apache-maven-3.9.9\bin;C:\Program Files\Java\jdk-17\bin;C:\Program Files\dotnet\;C:\Program Files\Git\cmd;C:\Users\admin\AppData\Local\Microsoft\WindowsApps;C:\Users\admin\AppData\Local\GitHubDesktop\bin;C:\Windows\system32;
USERNAME=admin
OS=Windows_NT
PROCESSOR_IDENTIFIER=Intel64 Family 6 Model 142 Stepping 9, GenuineIntel



---------------  S Y S T E M  ---------------

OS:
 Windows 10 , 64 bit Build 19041 (10.0.19041.5915)
OS uptime: 6 days 5:09 hours

CPU: total 4 (initial active 4) (2 cores per cpu, 2 threads per core) family 6 model 142 stepping 9 microcode 0xf4, cx8, cmov, fxsr, ht, mmx, 3dnowpref, sse, sse2, sse3, ssse3, sse4.1, sse4.2, popcnt, lzcnt, tsc, tscinvbit, avx, avx2, aes, erms, clmul, bmi1, bmi2, adx, fma, vzeroupper, clflush, clflushopt

Memory: 4k page, system-wide physical 16259M (4967M free)
TotalPageFile size 32643M (AvailPageFile size 9735M)
current process WorkingSet (physical memory assigned to process): 241M, peak: 243M
current process commit charge ("private bytes"): 371M, peak: 373M

vm_info: Java HotSpot(TM) 64-Bit Server VM (17.0.12+8-LTS-286) for windows-amd64 JRE (17.0.12+8-LTS-286), built on Jun  5 2024 06:46:59 by "mach5one" with MS VC++ 17.6 (VS2022)

END.
